# JRE version: OpenJDK Runtime Environment (21.0.3) (build 21.0.3+-12282718-b509.11)
# Java VM: OpenJDK 64-Bit Server VM (21.0.3+-12282718-b509.11, mixed mode, tiered, compressed oops, compressed class ptrs, g1 gc, windows-amd64)
GC Precious Log:
 CardTable entry size: 512
 Card Set container configuration: InlinePtr #cards 5 size 8 Array Of Cards #cards 12 size 40 Howl #buckets 4 coarsen threshold 1843 Howl Bitmap #cards 512 size 80 coarsen threshold 460 Card regions per heap region 1 cards per card region 2048
 CPUs: 12 total, 12 available
 Memory: 7561M
 Large Page Support: Disabled
 NUMA Support: Disabled
 Compressed Oops: Enabled (32-bit)
 Heap Region Size: 1M
 Heap Min Capacity: 8M
 Heap Initial Capacity: 120M
 Heap Max Capacity: 2G
 Pre-touch: Disabled
 Parallel Workers: 10
 Concurrent Workers: 3
 Concurrent Refinement Workers: 10
 Periodic GC: Disabled
Heap:
 garbage-first heap   total 377856K, used 270946K [0x0000000080000000, 0x0000000100000000)
  region size 1024K, 26 young (26624K), 5 survivors (5120K)
 Metaspace       used 155989K, committed 158464K, reserved 1245184K
  class space    used 20336K, committed 21568K, reserved 1048576K
GC Heap History (20 events):
Event: 88.790 GC heap before
{Heap before GC invocations=52 (full 0):
 garbage-first heap   total 324608K, used 270336K [0x0000000080000000, 0x0000000100000000)
  region size 1024K, 89 young (91136K), 13 survivors (13312K)
 Metaspace       used 140283K, committed 142656K, reserved 1179648K
  class space    used 18589K, committed 19776K, reserved 1048576K
}
Event: 88.802 GC heap after
{Heap after GC invocations=53 (full 0):
 garbage-first heap   total 324608K, used 194981K [0x0000000080000000, 0x0000000100000000)
  region size 1024K, 5 young (5120K), 5 survivors (5120K)
 Metaspace       used 140283K, committed 142656K, reserved 1179648K
  class space    used 18589K, committed 19776K, reserved 1048576K
}
Event: 1316.320 GC heap before
{Heap before GC invocations=53 (full 0):
 garbage-first heap   total 324608K, used 298405K [0x0000000080000000, 0x0000000100000000)
  region size 1024K, 107 young (109568K), 5 survivors (5120K)
 Metaspace       used 143482K, committed 145856K, reserved 1179648K
  class space    used 18847K, committed 20032K, reserved 1048576K
}
Event: 1317.702 GC heap after
{Heap after GC invocations=54 (full 0):
 garbage-first heap   total 324608K, used 199348K [0x0000000080000000, 0x0000000100000000)
  region size 1024K, 9 young (9216K), 9 survivors (9216K)
 Metaspace       used 143482K, committed 145856K, reserved 1179648K
  class space    used 18847K, committed 20032K, reserved 1048576K
}
Event: 1349.208 GC heap before
{Heap before GC invocations=54 (full 0):
 garbage-first heap   total 324608K, used 290484K [0x0000000080000000, 0x0000000100000000)
  region size 1024K, 100 young (102400K), 9 survivors (9216K)
 Metaspace       used 146063K, committed 148480K, reserved 1179648K
  class space    used 19284K, committed 20480K, reserved 1048576K
}
Event: 1349.254 GC heap after
{Heap after GC invocations=55 (full 0):
 garbage-first heap   total 324608K, used 209844K [0x0000000080000000, 0x0000000100000000)
  region size 1024K, 14 young (14336K), 14 survivors (14336K)
 Metaspace       used 146063K, committed 148480K, reserved 1179648K
  class space    used 19284K, committed 20480K, reserved 1048576K
}
Event: 1351.233 GC heap before
{Heap before GC invocations=56 (full 0):
 garbage-first heap   total 377856K, used 299956K [0x0000000080000000, 0x0000000100000000)
  region size 1024K, 93 young (95232K), 14 survivors (14336K)
 Metaspace       used 148169K, committed 150528K, reserved 1179648K
  class space    used 19508K, committed 20672K, reserved 1048576K
}
Event: 1351.259 GC heap after
{Heap after GC invocations=57 (full 0):
 garbage-first heap   total 377856K, used 238247K [0x0000000080000000, 0x0000000100000000)
  region size 1024K, 12 young (12288K), 12 survivors (12288K)
 Metaspace       used 148169K, committed 150528K, reserved 1179648K
  class space    used 19508K, committed 20672K, reserved 1048576K
}
Event: 1351.371 GC heap before
{Heap before GC invocations=57 (full 0):
 garbage-first heap   total 377856K, used 244391K [0x0000000080000000, 0x0000000100000000)
  region size 1024K, 18 young (18432K), 12 survivors (12288K)
 Metaspace       used 148275K, committed 150656K, reserved 1179648K
  class space    used 19523K, committed 20736K, reserved 1048576K
}
Event: 1351.380 GC heap after
{Heap after GC invocations=58 (full 0):
 garbage-first heap   total 377856K, used 239696K [0x0000000080000000, 0x0000000100000000)
  region size 1024K, 3 young (3072K), 3 survivors (3072K)
 Metaspace       used 148275K, committed 150656K, reserved 1179648K
  class space    used 19523K, committed 20736K, reserved 1048576K
}
Event: 1351.978 GC heap before
{Heap before GC invocations=58 (full 0):
 garbage-first heap   total 377856K, used 254032K [0x0000000080000000, 0x0000000100000000)
  region size 1024K, 18 young (18432K), 3 survivors (3072K)
 Metaspace       used 150231K, committed 152704K, reserved 1245184K
  class space    used 19771K, committed 20992K, reserved 1048576K
}
Event: 1351.982 GC heap after
{Heap after GC invocations=59 (full 0):
 garbage-first heap   total 377856K, used 240298K [0x0000000080000000, 0x0000000100000000)
  region size 1024K, 2 young (2048K), 2 survivors (2048K)
 Metaspace       used 150231K, committed 152704K, reserved 1245184K
  class space    used 19771K, committed 20992K, reserved 1048576K
}
Event: 1352.273 GC heap before
{Heap before GC invocations=59 (full 0):
 garbage-first heap   total 377856K, used 255658K [0x0000000080000000, 0x0000000100000000)
  region size 1024K, 18 young (18432K), 2 survivors (2048K)
 Metaspace       used 150397K, committed 152832K, reserved 1245184K
  class space    used 19781K, committed 20992K, reserved 1048576K
}
Event: 1352.284 GC heap after
{Heap after GC invocations=60 (full 0):
 garbage-first heap   total 377856K, used 246784K [0x0000000080000000, 0x0000000100000000)
  region size 1024K, 3 young (3072K), 3 survivors (3072K)
 Metaspace       used 150397K, committed 152832K, reserved 1245184K
  class space    used 19781K, committed 20992K, reserved 1048576K
}
Event: 1352.644 GC heap before
{Heap before GC invocations=60 (full 0):
 garbage-first heap   total 377856K, used 286720K [0x0000000080000000, 0x0000000100000000)
  region size 1024K, 18 young (18432K), 3 survivors (3072K)
 Metaspace       used 150900K, committed 153280K, reserved 1245184K
  class space    used 19855K, committed 21056K, reserved 1048576K
}
Event: 1352.652 GC heap after
{Heap after GC invocations=61 (full 0):
 garbage-first heap   total 377856K, used 248677K [0x0000000080000000, 0x0000000100000000)
  region size 1024K, 2 young (2048K), 2 survivors (2048K)
 Metaspace       used 150900K, committed 153280K, reserved 1245184K
  class space    used 19855K, committed 21056K, reserved 1048576K
}
Event: 1353.216 GC heap before
{Heap before GC invocations=61 (full 0):
 garbage-first heap   total 377856K, used 300901K [0x0000000080000000, 0x0000000100000000)
  region size 1024K, 54 young (55296K), 2 survivors (2048K)
 Metaspace       used 154084K, committed 156544K, reserved 1245184K
  class space    used 20145K, committed 21376K, reserved 1048576K
}
Event: 1353.226 GC heap after
{Heap after GC invocations=62 (full 0):
 garbage-first heap   total 377856K, used 252867K [0x0000000080000000, 0x0000000100000000)
  region size 1024K, 6 young (6144K), 6 survivors (6144K)
 Metaspace       used 154084K, committed 156544K, reserved 1245184K
  class space    used 20145K, committed 21376K, reserved 1048576K
}
Event: 1354.512 GC heap before
{Heap before GC invocations=62 (full 0):
 garbage-first heap   total 377856K, used 332739K [0x0000000080000000, 0x0000000100000000)
  region size 1024K, 85 young (87040K), 6 survivors (6144K)
 Metaspace       used 155645K, committed 158080K, reserved 1245184K
  class space    used 20294K, committed 21504K, reserved 1048576K
}
Event: 1354.523 GC heap after
{Heap after GC invocations=63 (full 0):
 garbage-first heap   total 377856K, used 251567K [0x0000000080000000, 0x0000000100000000)
  region size 1024K, 5 young (5120K), 5 survivors (5120K)
 Metaspace       used 155645K, committed 158080K, reserved 1245184K
  class space    used 20294K, committed 21504K, reserved 1048576K
}

